<?xml version="1.0" encoding="UTF-8"?>
<!-- Generated by org.testng.reporters.JUnitReportReporter -->
<testsuite skipped="0" hostname="DESKTOP-LCI2JQ2" name="qaclickacademy.SeleniumTest" tests="2" failures="0" timestamp="30 Aug 2020 15:11:09 GMT" time="0.119" errors="0">
  <testcase name="BrowserAUtomation" time="0.106" classname="qaclickacademy.SeleniumTest"/>
  <testcase name="elementsUi" time="0.013" classname="qaclickacademy.SeleniumTest"/>
</testsuite> <!-- qaclickacademy.SeleniumTest -->
