<?xml version="1.0" encoding="UTF-8"?>
<!-- Generated by org.testng.reporters.JUnitReportReporter -->
<testsuite skipped="0" hostname="DESKTOP-LCI2JQ2" name="qaclickacademy.AppiumTest" tests="2" failures="0" timestamp="30 Aug 2020 15:39:28 GMT" time="0.061" errors="0">
  <testcase name="NativeAPpAndroid" time="0.001" classname="qaclickacademy.AppiumTest"/>
  <testcase name="IOSApps" time="0.060" classname="qaclickacademy.AppiumTest"/>
</testsuite> <!-- qaclickacademy.AppiumTest -->
